<?xml version="1.0" encoding="UTF-8"?>
<!-- Generated by org.testng.reporters.JUnitReportReporter -->
<testsuite hostname="DESKTOP-1V9PIPH" failures="0" tests="1" name="Demo.democlass" time="1.429" errors="0" timestamp="02 Aug 2018 13:26:05 GMT" skipped="0">
  <testcase classname="Demo.democlass" name="verifyStatusCode" time="1.429"/>
</testsuite> <!-- Demo.democlass -->
